Analysis & Synthesis report for DE1_SoC
Fri Jun 03 08:23:58 2016
Quartus II 64-Bit Version 14.0.0 Build 200 06/17/2014 SJ Web Edition


---------------------
; Table of Contents ;
---------------------
  1. Legal Notice
  2. Analysis & Synthesis Summary
  3. Analysis & Synthesis Settings
  4. Parallel Compilation
  5. Analysis & Synthesis Source Files Read
  6. Analysis & Synthesis Resource Usage Summary
  7. Analysis & Synthesis Resource Utilization by Entity
  8. State Machine - |DE1_SoC|checkOnPoint:c4|ps
  9. State Machine - |DE1_SoC|checkOnPoint:c3|ps
 10. State Machine - |DE1_SoC|checkOnPoint:c2|ps
 11. State Machine - |DE1_SoC|checkOnPoint:c1|ps
 12. Registers Removed During Synthesis
 13. General Register Statistics
 14. Multiplexer Restructuring Statistics (Restructuring Performed)
 15. Parameter Settings for User Entity Instance: Top-level Entity: |DE1_SoC
 16. Parameter Settings for User Entity Instance: checkOnPoint:c1
 17. Parameter Settings for User Entity Instance: checkOnPoint:c2
 18. Parameter Settings for User Entity Instance: checkOnPoint:c3
 19. Parameter Settings for User Entity Instance: checkOnPoint:c4
 20. Port Connectivity Checks: "add5bits:aa3"
 21. Port Connectivity Checks: "add5bits:aa2"
 22. Port Connectivity Checks: "add5bits:aa1"
 23. Port Connectivity Checks: "score:s1|add5bits:a3"
 24. Port Connectivity Checks: "score:s1|add5bits:a2"
 25. Port Connectivity Checks: "score:s1|add5bits:a1|adder:a5"
 26. Port Connectivity Checks: "score:s1|add5bits:a1"
 27. Port Connectivity Checks: "oneBank:o4"
 28. Port Connectivity Checks: "oneBank:o3"
 29. Port Connectivity Checks: "oneBank:o2"
 30. Port Connectivity Checks: "oneBank:o1|incLight:i"
 31. Port Connectivity Checks: "oneBank:o1"
 32. Port Connectivity Checks: "cyber:cy4"
 33. Port Connectivity Checks: "cyber:cy3"
 34. Port Connectivity Checks: "cyber:cy2"
 35. Port Connectivity Checks: "cyber:cy1"
 36. Port Connectivity Checks: "LFSR:r"
 37. Port Connectivity Checks: "led_matrix_driver:led"
 38. Port Connectivity Checks: "clock_divider:cdiv"
 39. Post-Synthesis Netlist Statistics for Top Partition
 40. Elapsed Time Per Partition
 41. Analysis & Synthesis Messages
 42. Analysis & Synthesis Suppressed Messages



----------------
; Legal Notice ;
----------------
Copyright (C) 1991-2014 Altera Corporation. All rights reserved.
Your use of Altera Corporation's design tools, logic functions 
and other software and tools, and its AMPP partner logic 
functions, and any output files from any of the foregoing 
(including device programming or simulation files), and any 
associated documentation or information are expressly subject 
to the terms and conditions of the Altera Program License 
Subscription Agreement, the Altera Quartus II License Agreement,
the Altera MegaCore Function License Agreement, or other 
applicable license agreement, including, without limitation, 
that your use is for the sole purpose of programming logic 
devices manufactured by Altera and sold by Altera or its 
authorized distributors.  Please refer to the applicable 
agreement for further details.



+------------------------------------------------------------------------------+
; Analysis & Synthesis Summary                                                 ;
+---------------------------------+--------------------------------------------+
; Analysis & Synthesis Status     ; Successful - Fri Jun 03 08:23:58 2016      ;
; Quartus II 64-Bit Version       ; 14.0.0 Build 200 06/17/2014 SJ Web Edition ;
; Revision Name                   ; DE1_SoC                                    ;
; Top-level Entity Name           ; DE1_SoC                                    ;
; Family                          ; Cyclone V                                  ;
; Logic utilization (in ALMs)     ; N/A                                        ;
; Total registers                 ; 91                                         ;
; Total pins                      ; 103                                        ;
; Total virtual pins              ; 0                                          ;
; Total block memory bits         ; 0                                          ;
; Total DSP Blocks                ; 0                                          ;
; Total HSSI RX PCSs              ; 0                                          ;
; Total HSSI PMA RX Deserializers ; 0                                          ;
; Total HSSI TX PCSs              ; 0                                          ;
; Total HSSI PMA TX Serializers   ; 0                                          ;
; Total PLLs                      ; 0                                          ;
; Total DLLs                      ; 0                                          ;
+---------------------------------+--------------------------------------------+


+---------------------------------------------------------------------------------------------------------------------------+
; Analysis & Synthesis Settings                                                                                             ;
+---------------------------------------------------------------------------------+--------------------+--------------------+
; Option                                                                          ; Setting            ; Default Value      ;
+---------------------------------------------------------------------------------+--------------------+--------------------+
; Device                                                                          ; 5CSEMA5F31C6       ;                    ;
; Top-level entity name                                                           ; DE1_SoC            ; DE1_SoC            ;
; Family name                                                                     ; Cyclone V          ; Cyclone IV GX      ;
; State Machine Processing                                                        ; User-Encoded       ; Auto               ;
; Use smart compilation                                                           ; Off                ; Off                ;
; Enable parallel Assembler and TimeQuest Timing Analyzer during compilation      ; On                 ; On                 ;
; Enable compact report table                                                     ; Off                ; Off                ;
; Restructure Multiplexers                                                        ; Auto               ; Auto               ;
; MLAB Add Timing Constraints For Mixed-Port Feed-Through Mode Setting Don't Care ; Off                ; Off                ;
; Create Debugging Nodes for IP Cores                                             ; Off                ; Off                ;
; Preserve fewer node names                                                       ; On                 ; On                 ;
; Disable OpenCore Plus hardware evaluation                                       ; Off                ; Off                ;
; Verilog Version                                                                 ; Verilog_2001       ; Verilog_2001       ;
; VHDL Version                                                                    ; VHDL_1993          ; VHDL_1993          ;
; Safe State Machine                                                              ; Off                ; Off                ;
; Extract Verilog State Machines                                                  ; On                 ; On                 ;
; Extract VHDL State Machines                                                     ; On                 ; On                 ;
; Ignore Verilog initial constructs                                               ; Off                ; Off                ;
; Iteration limit for constant Verilog loops                                      ; 5000               ; 5000               ;
; Iteration limit for non-constant Verilog loops                                  ; 250                ; 250                ;
; Add Pass-Through Logic to Inferred RAMs                                         ; On                 ; On                 ;
; Infer RAMs from Raw Logic                                                       ; On                 ; On                 ;
; Parallel Synthesis                                                              ; On                 ; On                 ;
; DSP Block Balancing                                                             ; Auto               ; Auto               ;
; NOT Gate Push-Back                                                              ; On                 ; On                 ;
; Power-Up Don't Care                                                             ; On                 ; On                 ;
; Remove Redundant Logic Cells                                                    ; Off                ; Off                ;
; Remove Duplicate Registers                                                      ; On                 ; On                 ;
; Ignore CARRY Buffers                                                            ; Off                ; Off                ;
; Ignore CASCADE Buffers                                                          ; Off                ; Off                ;
; Ignore GLOBAL Buffers                                                           ; Off                ; Off                ;
; Ignore ROW GLOBAL Buffers                                                       ; Off                ; Off                ;
; Ignore LCELL Buffers                                                            ; Off                ; Off                ;
; Ignore SOFT Buffers                                                             ; On                 ; On                 ;
; Limit AHDL Integers to 32 Bits                                                  ; Off                ; Off                ;
; Optimization Technique                                                          ; Balanced           ; Balanced           ;
; Carry Chain Length                                                              ; 70                 ; 70                 ;
; Auto Carry Chains                                                               ; On                 ; On                 ;
; Auto Open-Drain Pins                                                            ; On                 ; On                 ;
; Perform WYSIWYG Primitive Resynthesis                                           ; Off                ; Off                ;
; Auto ROM Replacement                                                            ; On                 ; On                 ;
; Auto RAM Replacement                                                            ; On                 ; On                 ;
; Auto DSP Block Replacement                                                      ; On                 ; On                 ;
; Auto Shift Register Replacement                                                 ; Auto               ; Auto               ;
; Allow Shift Register Merging across Hierarchies                                 ; Auto               ; Auto               ;
; Auto Clock Enable Replacement                                                   ; On                 ; On                 ;
; Strict RAM Replacement                                                          ; Off                ; Off                ;
; Allow Synchronous Control Signals                                               ; On                 ; On                 ;
; Force Use of Synchronous Clear Signals                                          ; Off                ; Off                ;
; Auto Resource Sharing                                                           ; Off                ; Off                ;
; Allow Any RAM Size For Recognition                                              ; Off                ; Off                ;
; Allow Any ROM Size For Recognition                                              ; Off                ; Off                ;
; Allow Any Shift Register Size For Recognition                                   ; Off                ; Off                ;
; Use LogicLock Constraints during Resource Balancing                             ; On                 ; On                 ;
; Ignore translate_off and synthesis_off directives                               ; Off                ; Off                ;
; Timing-Driven Synthesis                                                         ; On                 ; On                 ;
; Report Parameter Settings                                                       ; On                 ; On                 ;
; Report Source Assignments                                                       ; On                 ; On                 ;
; Report Connectivity Checks                                                      ; On                 ; On                 ;
; Ignore Maximum Fan-Out Assignments                                              ; Off                ; Off                ;
; Synchronization Register Chain Length                                           ; 3                  ; 3                  ;
; PowerPlay Power Optimization                                                    ; Normal compilation ; Normal compilation ;
; HDL message level                                                               ; Level2             ; Level2             ;
; Suppress Register Optimization Related Messages                                 ; Off                ; Off                ;
; Number of Removed Registers Reported in Synthesis Report                        ; 5000               ; 5000               ;
; Number of Swept Nodes Reported in Synthesis Report                              ; 5000               ; 5000               ;
; Number of Inverted Registers Reported in Synthesis Report                       ; 100                ; 100                ;
; Clock MUX Protection                                                            ; On                 ; On                 ;
; Auto Gated Clock Conversion                                                     ; Off                ; Off                ;
; Block Design Naming                                                             ; Auto               ; Auto               ;
; SDC constraint protection                                                       ; Off                ; Off                ;
; Synthesis Effort                                                                ; Auto               ; Auto               ;
; Shift Register Replacement - Allow Asynchronous Clear Signal                    ; On                 ; On                 ;
; Pre-Mapping Resynthesis Optimization                                            ; Off                ; Off                ;
; Analysis & Synthesis Message Level                                              ; Medium             ; Medium             ;
; Disable Register Merging Across Hierarchies                                     ; Auto               ; Auto               ;
; Resource Aware Inference For Block RAM                                          ; On                 ; On                 ;
; Synthesis Seed                                                                  ; 1                  ; 1                  ;
; Automatic Parallel Synthesis                                                    ; On                 ; On                 ;
; Partial Reconfiguration Bitstream ID                                            ; Off                ; Off                ;
+---------------------------------------------------------------------------------+--------------------+--------------------+


+------------------------------------------+
; Parallel Compilation                     ;
+----------------------------+-------------+
; Processors                 ; Number      ;
+----------------------------+-------------+
; Number detected on machine ; 4           ;
; Maximum allowed            ; 2           ;
;                            ;             ;
; Average used               ; 1.00        ;
; Maximum used               ; 1           ;
;                            ;             ;
; Usage by Processor         ; % Time Used ;
;     Processor 1            ; 100.0%      ;
;     Processors 2-4         ;   0.0%      ;
+----------------------------+-------------+


+----------------------------------------------------------------------------------------------------------------------------------------------------------+
; Analysis & Synthesis Source Files Read                                                                                                                   ;
+----------------------------------+-----------------+------------------------------+------------------------------------------------------------+---------+
; File Name with User-Entered Path ; Used in Netlist ; File Type                    ; File Name with Absolute Path                               ; Library ;
+----------------------------------+-----------------+------------------------------+------------------------------------------------------------+---------+
; cyber.sv                         ; yes             ; User SystemVerilog HDL File  ; C:/Users/HaiDang/Downloads/Cse369/Lab/cyber.sv             ;         ;
; seg7.sv                          ; yes             ; User SystemVerilog HDL File  ; C:/Users/HaiDang/Downloads/Cse369/Lab/seg7.sv              ;         ;
; DE1_SoC.sv                       ; yes             ; User SystemVerilog HDL File  ; C:/Users/HaiDang/Downloads/Cse369/Lab/DE1_SoC.sv           ;         ;
; press.sv                         ; yes             ; User SystemVerilog HDL File  ; C:/Users/HaiDang/Downloads/Cse369/Lab/press.sv             ;         ;
; LFSR.sv                          ; yes             ; User SystemVerilog HDL File  ; C:/Users/HaiDang/Downloads/Cse369/Lab/LFSR.sv              ;         ;
; adder.sv                         ; yes             ; User SystemVerilog HDL File  ; C:/Users/HaiDang/Downloads/Cse369/Lab/adder.sv             ;         ;
; decoder.sv                       ; yes             ; User SystemVerilog HDL File  ; C:/Users/HaiDang/Downloads/Cse369/Lab/decoder.sv           ;         ;
; incLight.sv                      ; yes             ; User SystemVerilog HDL File  ; C:/Users/HaiDang/Downloads/Cse369/Lab/incLight.sv          ;         ;
; score.sv                         ; yes             ; User SystemVerilog HDL File  ; C:/Users/HaiDang/Downloads/Cse369/Lab/score.sv             ;         ;
; oneBank.sv                       ; yes             ; User SystemVerilog HDL File  ; C:/Users/HaiDang/Downloads/Cse369/Lab/oneBank.sv           ;         ;
; tickCounter.sv                   ; yes             ; User SystemVerilog HDL File  ; C:/Users/HaiDang/Downloads/Cse369/Lab/tickCounter.sv       ;         ;
; checkOnPoint.sv                  ; yes             ; User SystemVerilog HDL File  ; C:/Users/HaiDang/Downloads/Cse369/Lab/checkOnPoint.sv      ;         ;
; add5bits.sv                      ; yes             ; User SystemVerilog HDL File  ; C:/Users/HaiDang/Downloads/Cse369/Lab/add5bits.sv          ;         ;
; led_matrix_driver.sv             ; yes             ; User SystemVerilog HDL File  ; C:/Users/HaiDang/Downloads/Cse369/Lab/led_matrix_driver.sv ;         ;
+----------------------------------+-----------------+------------------------------+------------------------------------------------------------+---------+


+------------------------------------------------------------------------------------+
; Analysis & Synthesis Resource Usage Summary                                        ;
+---------------------------------------------+--------------------------------------+
; Resource                                    ; Usage                                ;
+---------------------------------------------+--------------------------------------+
; Estimate of Logic utilization (ALMs needed) ; 142                                  ;
;                                             ;                                      ;
; Combinational ALUT usage for logic          ; 223                                  ;
;     -- 7 input functions                    ; 4                                    ;
;     -- 6 input functions                    ; 55                                   ;
;     -- 5 input functions                    ; 33                                   ;
;     -- 4 input functions                    ; 51                                   ;
;     -- <=3 input functions                  ; 80                                   ;
;                                             ;                                      ;
; Dedicated logic registers                   ; 91                                   ;
;                                             ;                                      ;
; I/O pins                                    ; 103                                  ;
; Total DSP Blocks                            ; 0                                    ;
; Maximum fan-out node                        ; clock_divider:cdiv|divided_clocks[9] ;
; Maximum fan-out                             ; 82                                   ;
; Total fan-out                               ; 1263                                 ;
; Average fan-out                             ; 2.43                                 ;
+---------------------------------------------+--------------------------------------+


+------------------------------------------------------------------------------------------------------------------------------------------------------------------------------------+
; Analysis & Synthesis Resource Utilization by Entity                                                                                                                                ;
+----------------------------+-------------------+--------------+-------------------+------------+------+--------------+----------------------------------------------+--------------+
; Compilation Hierarchy Node ; LC Combinationals ; LC Registers ; Block Memory Bits ; DSP Blocks ; Pins ; Virtual Pins ; Full Hierarchy Name                          ; Library Name ;
+----------------------------+-------------------+--------------+-------------------+------------+------+--------------+----------------------------------------------+--------------+
; |DE1_SoC                   ; 223 (10)          ; 91 (0)       ; 0                 ; 0          ; 103  ; 0            ; |DE1_SoC                                     ; work         ;
;    |LFSR:r|                ; 1 (1)             ; 9 (0)        ; 0                 ; 0          ; 0    ; 0            ; |DE1_SoC|LFSR:r                              ; work         ;
;       |flipFlop:ff1|       ; 0 (0)             ; 1 (1)        ; 0                 ; 0          ; 0    ; 0            ; |DE1_SoC|LFSR:r|flipFlop:ff1                 ; work         ;
;       |flipFlop:ff2|       ; 0 (0)             ; 1 (1)        ; 0                 ; 0          ; 0    ; 0            ; |DE1_SoC|LFSR:r|flipFlop:ff2                 ; work         ;
;       |flipFlop:ff3|       ; 0 (0)             ; 1 (1)        ; 0                 ; 0          ; 0    ; 0            ; |DE1_SoC|LFSR:r|flipFlop:ff3                 ; work         ;
;       |flipFlop:ff4|       ; 0 (0)             ; 1 (1)        ; 0                 ; 0          ; 0    ; 0            ; |DE1_SoC|LFSR:r|flipFlop:ff4                 ; work         ;
;       |flipFlop:ff5|       ; 0 (0)             ; 1 (1)        ; 0                 ; 0          ; 0    ; 0            ; |DE1_SoC|LFSR:r|flipFlop:ff5                 ; work         ;
;       |flipFlop:ff6|       ; 0 (0)             ; 1 (1)        ; 0                 ; 0          ; 0    ; 0            ; |DE1_SoC|LFSR:r|flipFlop:ff6                 ; work         ;
;       |flipFlop:ff7|       ; 0 (0)             ; 1 (1)        ; 0                 ; 0          ; 0    ; 0            ; |DE1_SoC|LFSR:r|flipFlop:ff7                 ; work         ;
;       |flipFlop:ff8|       ; 0 (0)             ; 1 (1)        ; 0                 ; 0          ; 0    ; 0            ; |DE1_SoC|LFSR:r|flipFlop:ff8                 ; work         ;
;       |flipFlop:ff9|       ; 0 (0)             ; 1 (1)        ; 0                 ; 0          ; 0    ; 0            ; |DE1_SoC|LFSR:r|flipFlop:ff9                 ; work         ;
;    |add5bits:aa1|          ; 4 (0)             ; 0 (0)        ; 0                 ; 0          ; 0    ; 0            ; |DE1_SoC|add5bits:aa1                        ; work         ;
;       |adder:a2|           ; 2 (2)             ; 0 (0)        ; 0                 ; 0          ; 0    ; 0            ; |DE1_SoC|add5bits:aa1|adder:a2               ; work         ;
;       |adder:a3|           ; 1 (1)             ; 0 (0)        ; 0                 ; 0          ; 0    ; 0            ; |DE1_SoC|add5bits:aa1|adder:a3               ; work         ;
;       |adder:a4|           ; 1 (1)             ; 0 (0)        ; 0                 ; 0          ; 0    ; 0            ; |DE1_SoC|add5bits:aa1|adder:a4               ; work         ;
;    |add5bits:aa2|          ; 5 (0)             ; 0 (0)        ; 0                 ; 0          ; 0    ; 0            ; |DE1_SoC|add5bits:aa2                        ; work         ;
;       |adder:a2|           ; 2 (2)             ; 0 (0)        ; 0                 ; 0          ; 0    ; 0            ; |DE1_SoC|add5bits:aa2|adder:a2               ; work         ;
;       |adder:a3|           ; 1 (1)             ; 0 (0)        ; 0                 ; 0          ; 0    ; 0            ; |DE1_SoC|add5bits:aa2|adder:a3               ; work         ;
;       |adder:a4|           ; 2 (2)             ; 0 (0)        ; 0                 ; 0          ; 0    ; 0            ; |DE1_SoC|add5bits:aa2|adder:a4               ; work         ;
;    |add5bits:aa3|          ; 9 (0)             ; 0 (0)        ; 0                 ; 0          ; 0    ; 0            ; |DE1_SoC|add5bits:aa3                        ; work         ;
;       |adder:a1|           ; 2 (2)             ; 0 (0)        ; 0                 ; 0          ; 0    ; 0            ; |DE1_SoC|add5bits:aa3|adder:a1               ; work         ;
;       |adder:a2|           ; 1 (1)             ; 0 (0)        ; 0                 ; 0          ; 0    ; 0            ; |DE1_SoC|add5bits:aa3|adder:a2               ; work         ;
;       |adder:a3|           ; 2 (2)             ; 0 (0)        ; 0                 ; 0          ; 0    ; 0            ; |DE1_SoC|add5bits:aa3|adder:a3               ; work         ;
;       |adder:a4|           ; 1 (1)             ; 0 (0)        ; 0                 ; 0          ; 0    ; 0            ; |DE1_SoC|add5bits:aa3|adder:a4               ; work         ;
;       |adder:a5|           ; 3 (3)             ; 0 (0)        ; 0                 ; 0          ; 0    ; 0            ; |DE1_SoC|add5bits:aa3|adder:a5               ; work         ;
;    |checkOnPoint:c1|       ; 4 (4)             ; 2 (2)        ; 0                 ; 0          ; 0    ; 0            ; |DE1_SoC|checkOnPoint:c1                     ; work         ;
;    |checkOnPoint:c2|       ; 4 (4)             ; 2 (2)        ; 0                 ; 0          ; 0    ; 0            ; |DE1_SoC|checkOnPoint:c2                     ; work         ;
;    |checkOnPoint:c3|       ; 4 (4)             ; 2 (2)        ; 0                 ; 0          ; 0    ; 0            ; |DE1_SoC|checkOnPoint:c3                     ; work         ;
;    |checkOnPoint:c4|       ; 4 (4)             ; 2 (2)        ; 0                 ; 0          ; 0    ; 0            ; |DE1_SoC|checkOnPoint:c4                     ; work         ;
;    |clock_divider:cdiv|    ; 10 (10)           ; 10 (10)      ; 0                 ; 0          ; 0    ; 0            ; |DE1_SoC|clock_divider:cdiv                  ; work         ;
;    |cyber:cy1|             ; 0 (0)             ; 1 (1)        ; 0                 ; 0          ; 0    ; 0            ; |DE1_SoC|cyber:cy1                           ; work         ;
;    |cyber:cy2|             ; 0 (0)             ; 1 (1)        ; 0                 ; 0          ; 0    ; 0            ; |DE1_SoC|cyber:cy2                           ; work         ;
;    |cyber:cy3|             ; 0 (0)             ; 1 (1)        ; 0                 ; 0          ; 0    ; 0            ; |DE1_SoC|cyber:cy3                           ; work         ;
;    |cyber:cy4|             ; 0 (0)             ; 1 (1)        ; 0                 ; 0          ; 0    ; 0            ; |DE1_SoC|cyber:cy4                           ; work         ;
;    |led_matrix_driver:led| ; 15 (15)           ; 3 (3)        ; 0                 ; 0          ; 0    ; 0            ; |DE1_SoC|led_matrix_driver:led               ; work         ;
;    |oneBank:o1|            ; 56 (0)            ; 21 (0)       ; 0                 ; 0          ; 0    ; 0            ; |DE1_SoC|oneBank:o1                          ; work         ;
;       |cyber:c|            ; 1 (1)             ; 1 (1)        ; 0                 ; 0          ; 0    ; 0            ; |DE1_SoC|oneBank:o1|cyber:c                  ; work         ;
;       |decoder:d|          ; 5 (5)             ; 0 (0)        ; 0                 ; 0          ; 0    ; 0            ; |DE1_SoC|oneBank:o1|decoder:d                ; work         ;
;       |incLight:i|         ; 50 (6)            ; 20 (3)       ; 0                 ; 0          ; 0    ; 0            ; |DE1_SoC|oneBank:o1|incLight:i               ; work         ;
;          |tickCounter:t|   ; 44 (44)           ; 17 (17)      ; 0                 ; 0          ; 0    ; 0            ; |DE1_SoC|oneBank:o1|incLight:i|tickCounter:t ; work         ;
;    |oneBank:o2|            ; 12 (0)            ; 4 (0)        ; 0                 ; 0          ; 0    ; 0            ; |DE1_SoC|oneBank:o2                          ; work         ;
;       |cyber:c|            ; 1 (1)             ; 1 (1)        ; 0                 ; 0          ; 0    ; 0            ; |DE1_SoC|oneBank:o2|cyber:c                  ; work         ;
;       |decoder:d|          ; 5 (5)             ; 0 (0)        ; 0                 ; 0          ; 0    ; 0            ; |DE1_SoC|oneBank:o2|decoder:d                ; work         ;
;       |incLight:i|         ; 6 (6)             ; 3 (3)        ; 0                 ; 0          ; 0    ; 0            ; |DE1_SoC|oneBank:o2|incLight:i               ; work         ;
;    |oneBank:o3|            ; 8 (0)             ; 4 (0)        ; 0                 ; 0          ; 0    ; 0            ; |DE1_SoC|oneBank:o3                          ; work         ;
;       |cyber:c|            ; 1 (1)             ; 1 (1)        ; 0                 ; 0          ; 0    ; 0            ; |DE1_SoC|oneBank:o3|cyber:c                  ; work         ;
;       |incLight:i|         ; 7 (7)             ; 3 (3)        ; 0                 ; 0          ; 0    ; 0            ; |DE1_SoC|oneBank:o3|incLight:i               ; work         ;
;    |oneBank:o4|            ; 8 (0)             ; 4 (0)        ; 0                 ; 0          ; 0    ; 0            ; |DE1_SoC|oneBank:o4                          ; work         ;
;       |cyber:c|            ; 1 (1)             ; 1 (1)        ; 0                 ; 0          ; 0    ; 0            ; |DE1_SoC|oneBank:o4|cyber:c                  ; work         ;
;       |incLight:i|         ; 7 (7)             ; 3 (3)        ; 0                 ; 0          ; 0    ; 0            ; |DE1_SoC|oneBank:o4|incLight:i               ; work         ;
;    |press:p1|              ; 1 (1)             ; 1 (1)        ; 0                 ; 0          ; 0    ; 0            ; |DE1_SoC|press:p1                            ; work         ;
;    |press:p2|              ; 1 (1)             ; 1 (1)        ; 0                 ; 0          ; 0    ; 0            ; |DE1_SoC|press:p2                            ; work         ;
;    |press:p3|              ; 1 (1)             ; 1 (1)        ; 0                 ; 0          ; 0    ; 0            ; |DE1_SoC|press:p3                            ; work         ;
;    |press:p4|              ; 1 (1)             ; 1 (1)        ; 0                 ; 0          ; 0    ; 0            ; |DE1_SoC|press:p4                            ; work         ;
;    |score:s1|              ; 14 (11)           ; 5 (5)        ; 0                 ; 0          ; 0    ; 0            ; |DE1_SoC|score:s1                            ; work         ;
;       |add5bits:a1|        ; 1 (0)             ; 0 (0)        ; 0                 ; 0          ; 0    ; 0            ; |DE1_SoC|score:s1|add5bits:a1                ; work         ;
;          |adder:a5|        ; 1 (1)             ; 0 (0)        ; 0                 ; 0          ; 0    ; 0            ; |DE1_SoC|score:s1|add5bits:a1|adder:a5       ; work         ;
;       |add5bits:a2|        ; 1 (0)             ; 0 (0)        ; 0                 ; 0          ; 0    ; 0            ; |DE1_SoC|score:s1|add5bits:a2                ; work         ;
;          |adder:a5|        ; 1 (1)             ; 0 (0)        ; 0                 ; 0          ; 0    ; 0            ; |DE1_SoC|score:s1|add5bits:a2|adder:a5       ; work         ;
;       |add5bits:a3|        ; 1 (0)             ; 0 (0)        ; 0                 ; 0          ; 0    ; 0            ; |DE1_SoC|score:s1|add5bits:a3                ; work         ;
;          |adder:a4|        ; 1 (1)             ; 0 (0)        ; 0                 ; 0          ; 0    ; 0            ; |DE1_SoC|score:s1|add5bits:a3|adder:a4       ; work         ;
;    |score:s2|              ; 14 (11)           ; 5 (5)        ; 0                 ; 0          ; 0    ; 0            ; |DE1_SoC|score:s2                            ; work         ;
;       |add5bits:a1|        ; 1 (0)             ; 0 (0)        ; 0                 ; 0          ; 0    ; 0            ; |DE1_SoC|score:s2|add5bits:a1                ; work         ;
;          |adder:a5|        ; 1 (1)             ; 0 (0)        ; 0                 ; 0          ; 0    ; 0            ; |DE1_SoC|score:s2|add5bits:a1|adder:a5       ; work         ;
;       |add5bits:a2|        ; 1 (0)             ; 0 (0)        ; 0                 ; 0          ; 0    ; 0            ; |DE1_SoC|score:s2|add5bits:a2                ; work         ;
;          |adder:a5|        ; 1 (1)             ; 0 (0)        ; 0                 ; 0          ; 0    ; 0            ; |DE1_SoC|score:s2|add5bits:a2|adder:a5       ; work         ;
;       |add5bits:a3|        ; 1 (0)             ; 0 (0)        ; 0                 ; 0          ; 0    ; 0            ; |DE1_SoC|score:s2|add5bits:a3                ; work         ;
;          |adder:a4|        ; 1 (1)             ; 0 (0)        ; 0                 ; 0          ; 0    ; 0            ; |DE1_SoC|score:s2|add5bits:a3|adder:a4       ; work         ;
;    |score:s3|              ; 14 (11)           ; 5 (5)        ; 0                 ; 0          ; 0    ; 0            ; |DE1_SoC|score:s3                            ; work         ;
;       |add5bits:a1|        ; 1 (0)             ; 0 (0)        ; 0                 ; 0          ; 0    ; 0            ; |DE1_SoC|score:s3|add5bits:a1                ; work         ;
;          |adder:a5|        ; 1 (1)             ; 0 (0)        ; 0                 ; 0          ; 0    ; 0            ; |DE1_SoC|score:s3|add5bits:a1|adder:a5       ; work         ;
;       |add5bits:a2|        ; 1 (0)             ; 0 (0)        ; 0                 ; 0          ; 0    ; 0            ; |DE1_SoC|score:s3|add5bits:a2                ; work         ;
;          |adder:a5|        ; 1 (1)             ; 0 (0)        ; 0                 ; 0          ; 0    ; 0            ; |DE1_SoC|score:s3|add5bits:a2|adder:a5       ; work         ;
;       |add5bits:a3|        ; 1 (0)             ; 0 (0)        ; 0                 ; 0          ; 0    ; 0            ; |DE1_SoC|score:s3|add5bits:a3                ; work         ;
;          |adder:a4|        ; 1 (1)             ; 0 (0)        ; 0                 ; 0          ; 0    ; 0            ; |DE1_SoC|score:s3|add5bits:a3|adder:a4       ; work         ;
;    |score:s4|              ; 14 (11)           ; 5 (5)        ; 0                 ; 0          ; 0    ; 0            ; |DE1_SoC|score:s4                            ; work         ;
;       |add5bits:a1|        ; 1 (0)             ; 0 (0)        ; 0                 ; 0          ; 0    ; 0            ; |DE1_SoC|score:s4|add5bits:a1                ; work         ;
;          |adder:a5|        ; 1 (1)             ; 0 (0)        ; 0                 ; 0          ; 0    ; 0            ; |DE1_SoC|score:s4|add5bits:a1|adder:a5       ; work         ;
;       |add5bits:a2|        ; 1 (0)             ; 0 (0)        ; 0                 ; 0          ; 0    ; 0            ; |DE1_SoC|score:s4|add5bits:a2                ; work         ;
;          |adder:a5|        ; 1 (1)             ; 0 (0)        ; 0                 ; 0          ; 0    ; 0            ; |DE1_SoC|score:s4|add5bits:a2|adder:a5       ; work         ;
;       |add5bits:a3|        ; 1 (0)             ; 0 (0)        ; 0                 ; 0          ; 0    ; 0            ; |DE1_SoC|score:s4|add5bits:a3                ; work         ;
;          |adder:a4|        ; 1 (1)             ; 0 (0)        ; 0                 ; 0          ; 0    ; 0            ; |DE1_SoC|score:s4|add5bits:a3|adder:a4       ; work         ;
;    |seg7:display1|         ; 9 (9)             ; 0 (0)        ; 0                 ; 0          ; 0    ; 0            ; |DE1_SoC|seg7:display1                       ; work         ;
+----------------------------+-------------------+--------------+-------------------+------------+------+--------------+----------------------------------------------+--------------+
Note: For table entries with two numbers listed, the numbers in parentheses indicate the number of resources of the given type used by the specific entity alone. The numbers listed outside of parentheses indicate the total resources of the given type used by the specific entity and all of its sub-entities in the hierarchy.


Encoding Type:  User-Encoded
+---------------------------------------------+
; State Machine - |DE1_SoC|checkOnPoint:c4|ps ;
+-----------+------+--------------------------+
; Name      ; ps~3 ; ps~2                     ;
+-----------+------+--------------------------+
; ps.none   ; 0    ; 0                        ;
; ps.plus1  ; 0    ; 1                        ;
; ps.plus2  ; 1    ; 0                        ;
; ps.minus2 ; 1    ; 1                        ;
+-----------+------+--------------------------+


Encoding Type:  User-Encoded
+---------------------------------------------+
; State Machine - |DE1_SoC|checkOnPoint:c3|ps ;
+-----------+------+--------------------------+
; Name      ; ps~3 ; ps~2                     ;
+-----------+------+--------------------------+
; ps.none   ; 0    ; 0                        ;
; ps.plus1  ; 0    ; 1                        ;
; ps.plus2  ; 1    ; 0                        ;
; ps.minus2 ; 1    ; 1                        ;
+-----------+------+--------------------------+


Encoding Type:  User-Encoded
+---------------------------------------------+
; State Machine - |DE1_SoC|checkOnPoint:c2|ps ;
+-----------+------+--------------------------+
; Name      ; ps~3 ; ps~2                     ;
+-----------+------+--------------------------+
; ps.none   ; 0    ; 0                        ;
; ps.plus1  ; 0    ; 1                        ;
; ps.plus2  ; 1    ; 0                        ;
; ps.minus2 ; 1    ; 1                        ;
+-----------+------+--------------------------+


Encoding Type:  User-Encoded
+---------------------------------------------+
; State Machine - |DE1_SoC|checkOnPoint:c1|ps ;
+-----------+------+--------------------------+
; Name      ; ps~3 ; ps~2                     ;
+-----------+------+--------------------------+
; ps.none   ; 0    ; 0                        ;
; ps.plus1  ; 0    ; 1                        ;
; ps.plus2  ; 1    ; 0                        ;
; ps.minus2 ; 1    ; 1                        ;
+-----------+------+--------------------------+


+-------------------------------------------------------------------------------------------------------------------------------+
; Registers Removed During Synthesis                                                                                            ;
+---------------------------------------------------------+---------------------------------------------------------------------+
; Register name                                           ; Reason for Removal                                                  ;
+---------------------------------------------------------+---------------------------------------------------------------------+
; oneBank:o2|incLight:i|tickCounter:t|tick                ; Merged with oneBank:o1|incLight:i|tickCounter:t|tick                ;
; oneBank:o3|incLight:i|tickCounter:t|tick                ; Merged with oneBank:o1|incLight:i|tickCounter:t|tick                ;
; oneBank:o4|incLight:i|tickCounter:t|tick                ; Merged with oneBank:o1|incLight:i|tickCounter:t|tick                ;
; oneBank:o2|incLight:i|tickCounter:t|counter_up_time[15] ; Merged with oneBank:o1|incLight:i|tickCounter:t|counter_up_time[15] ;
; oneBank:o3|incLight:i|tickCounter:t|counter_up_time[15] ; Merged with oneBank:o1|incLight:i|tickCounter:t|counter_up_time[15] ;
; oneBank:o4|incLight:i|tickCounter:t|counter_up_time[15] ; Merged with oneBank:o1|incLight:i|tickCounter:t|counter_up_time[15] ;
; oneBank:o2|incLight:i|tickCounter:t|counter_up_time[14] ; Merged with oneBank:o1|incLight:i|tickCounter:t|counter_up_time[14] ;
; oneBank:o3|incLight:i|tickCounter:t|counter_up_time[14] ; Merged with oneBank:o1|incLight:i|tickCounter:t|counter_up_time[14] ;
; oneBank:o4|incLight:i|tickCounter:t|counter_up_time[14] ; Merged with oneBank:o1|incLight:i|tickCounter:t|counter_up_time[14] ;
; oneBank:o2|incLight:i|tickCounter:t|counter_up_time[13] ; Merged with oneBank:o1|incLight:i|tickCounter:t|counter_up_time[13] ;
; oneBank:o3|incLight:i|tickCounter:t|counter_up_time[13] ; Merged with oneBank:o1|incLight:i|tickCounter:t|counter_up_time[13] ;
; oneBank:o4|incLight:i|tickCounter:t|counter_up_time[13] ; Merged with oneBank:o1|incLight:i|tickCounter:t|counter_up_time[13] ;
; oneBank:o2|incLight:i|tickCounter:t|counter_up_time[12] ; Merged with oneBank:o1|incLight:i|tickCounter:t|counter_up_time[12] ;
; oneBank:o3|incLight:i|tickCounter:t|counter_up_time[12] ; Merged with oneBank:o1|incLight:i|tickCounter:t|counter_up_time[12] ;
; oneBank:o4|incLight:i|tickCounter:t|counter_up_time[12] ; Merged with oneBank:o1|incLight:i|tickCounter:t|counter_up_time[12] ;
; oneBank:o2|incLight:i|tickCounter:t|counter_up_time[11] ; Merged with oneBank:o1|incLight:i|tickCounter:t|counter_up_time[11] ;
; oneBank:o3|incLight:i|tickCounter:t|counter_up_time[11] ; Merged with oneBank:o1|incLight:i|tickCounter:t|counter_up_time[11] ;
; oneBank:o4|incLight:i|tickCounter:t|counter_up_time[11] ; Merged with oneBank:o1|incLight:i|tickCounter:t|counter_up_time[11] ;
; oneBank:o2|incLight:i|tickCounter:t|counter_up_time[10] ; Merged with oneBank:o1|incLight:i|tickCounter:t|counter_up_time[10] ;
; oneBank:o3|incLight:i|tickCounter:t|counter_up_time[10] ; Merged with oneBank:o1|incLight:i|tickCounter:t|counter_up_time[10] ;
; oneBank:o4|incLight:i|tickCounter:t|counter_up_time[10] ; Merged with oneBank:o1|incLight:i|tickCounter:t|counter_up_time[10] ;
; oneBank:o2|incLight:i|tickCounter:t|counter_up_time[9]  ; Merged with oneBank:o1|incLight:i|tickCounter:t|counter_up_time[9]  ;
; oneBank:o3|incLight:i|tickCounter:t|counter_up_time[9]  ; Merged with oneBank:o1|incLight:i|tickCounter:t|counter_up_time[9]  ;
; oneBank:o4|incLight:i|tickCounter:t|counter_up_time[9]  ; Merged with oneBank:o1|incLight:i|tickCounter:t|counter_up_time[9]  ;
; oneBank:o2|incLight:i|tickCounter:t|counter_up_time[8]  ; Merged with oneBank:o1|incLight:i|tickCounter:t|counter_up_time[8]  ;
; oneBank:o3|incLight:i|tickCounter:t|counter_up_time[8]  ; Merged with oneBank:o1|incLight:i|tickCounter:t|counter_up_time[8]  ;
; oneBank:o4|incLight:i|tickCounter:t|counter_up_time[8]  ; Merged with oneBank:o1|incLight:i|tickCounter:t|counter_up_time[8]  ;
; oneBank:o2|incLight:i|tickCounter:t|counter_up_time[7]  ; Merged with oneBank:o1|incLight:i|tickCounter:t|counter_up_time[7]  ;
; oneBank:o3|incLight:i|tickCounter:t|counter_up_time[7]  ; Merged with oneBank:o1|incLight:i|tickCounter:t|counter_up_time[7]  ;
; oneBank:o4|incLight:i|tickCounter:t|counter_up_time[7]  ; Merged with oneBank:o1|incLight:i|tickCounter:t|counter_up_time[7]  ;
; oneBank:o2|incLight:i|tickCounter:t|counter_up_time[6]  ; Merged with oneBank:o1|incLight:i|tickCounter:t|counter_up_time[6]  ;
; oneBank:o3|incLight:i|tickCounter:t|counter_up_time[6]  ; Merged with oneBank:o1|incLight:i|tickCounter:t|counter_up_time[6]  ;
; oneBank:o4|incLight:i|tickCounter:t|counter_up_time[6]  ; Merged with oneBank:o1|incLight:i|tickCounter:t|counter_up_time[6]  ;
; oneBank:o2|incLight:i|tickCounter:t|counter_up_time[5]  ; Merged with oneBank:o1|incLight:i|tickCounter:t|counter_up_time[5]  ;
; oneBank:o3|incLight:i|tickCounter:t|counter_up_time[5]  ; Merged with oneBank:o1|incLight:i|tickCounter:t|counter_up_time[5]  ;
; oneBank:o4|incLight:i|tickCounter:t|counter_up_time[5]  ; Merged with oneBank:o1|incLight:i|tickCounter:t|counter_up_time[5]  ;
; oneBank:o2|incLight:i|tickCounter:t|counter_up_time[4]  ; Merged with oneBank:o1|incLight:i|tickCounter:t|counter_up_time[4]  ;
; oneBank:o3|incLight:i|tickCounter:t|counter_up_time[4]  ; Merged with oneBank:o1|incLight:i|tickCounter:t|counter_up_time[4]  ;
; oneBank:o4|incLight:i|tickCounter:t|counter_up_time[4]  ; Merged with oneBank:o1|incLight:i|tickCounter:t|counter_up_time[4]  ;
; oneBank:o2|incLight:i|tickCounter:t|counter_up_time[3]  ; Merged with oneBank:o1|incLight:i|tickCounter:t|counter_up_time[3]  ;
; oneBank:o3|incLight:i|tickCounter:t|counter_up_time[3]  ; Merged with oneBank:o1|incLight:i|tickCounter:t|counter_up_time[3]  ;
; oneBank:o4|incLight:i|tickCounter:t|counter_up_time[3]  ; Merged with oneBank:o1|incLight:i|tickCounter:t|counter_up_time[3]  ;
; oneBank:o2|incLight:i|tickCounter:t|counter_up_time[2]  ; Merged with oneBank:o1|incLight:i|tickCounter:t|counter_up_time[2]  ;
; oneBank:o3|incLight:i|tickCounter:t|counter_up_time[2]  ; Merged with oneBank:o1|incLight:i|tickCounter:t|counter_up_time[2]  ;
; oneBank:o4|incLight:i|tickCounter:t|counter_up_time[2]  ; Merged with oneBank:o1|incLight:i|tickCounter:t|counter_up_time[2]  ;
; oneBank:o2|incLight:i|tickCounter:t|counter_up_time[1]  ; Merged with oneBank:o1|incLight:i|tickCounter:t|counter_up_time[1]  ;
; oneBank:o3|incLight:i|tickCounter:t|counter_up_time[1]  ; Merged with oneBank:o1|incLight:i|tickCounter:t|counter_up_time[1]  ;
; oneBank:o4|incLight:i|tickCounter:t|counter_up_time[1]  ; Merged with oneBank:o1|incLight:i|tickCounter:t|counter_up_time[1]  ;
; oneBank:o2|incLight:i|tickCounter:t|counter_up_time[0]  ; Merged with oneBank:o1|incLight:i|tickCounter:t|counter_up_time[0]  ;
; oneBank:o3|incLight:i|tickCounter:t|counter_up_time[0]  ; Merged with oneBank:o1|incLight:i|tickCounter:t|counter_up_time[0]  ;
; oneBank:o4|incLight:i|tickCounter:t|counter_up_time[0]  ; Merged with oneBank:o1|incLight:i|tickCounter:t|counter_up_time[0]  ;
; clock_divider:cdiv|divided_clocks[10..31]               ; Lost fanout                                                         ;
; Total Number of Removed Registers = 73                  ;                                                                     ;
+---------------------------------------------------------+---------------------------------------------------------------------+


+------------------------------------------------------+
; General Register Statistics                          ;
+----------------------------------------------+-------+
; Statistic                                    ; Value ;
+----------------------------------------------+-------+
; Total registers                              ; 91    ;
; Number of registers using Synchronous Clear  ; 25    ;
; Number of registers using Synchronous Load   ; 0     ;
; Number of registers using Asynchronous Clear ; 0     ;
; Number of registers using Asynchronous Load  ; 0     ;
; Number of registers using Clock Enable       ; 8     ;
; Number of registers using Preset             ; 0     ;
+----------------------------------------------+-------+


+-------------------------------------------------------------------------------------------------------------------------------------------------------------------------------+
; Multiplexer Restructuring Statistics (Restructuring Performed)                                                                                                                ;
+--------------------+-----------+---------------+----------------------+------------------------+------------+-----------------------------------------------------------------+
; Multiplexer Inputs ; Bus Width ; Baseline Area ; Area if Restructured ; Saving if Restructured ; Registered ; Example Multiplexer Output                                      ;
+--------------------+-----------+---------------+----------------------+------------------------+------------+-----------------------------------------------------------------+
; 5:1                ; 3 bits    ; 9 LEs         ; 6 LEs                ; 3 LEs                  ; Yes        ; |DE1_SoC|score:s1|ps[2]                                         ;
; 5:1                ; 3 bits    ; 9 LEs         ; 6 LEs                ; 3 LEs                  ; Yes        ; |DE1_SoC|score:s2|ps[2]                                         ;
; 5:1                ; 3 bits    ; 9 LEs         ; 6 LEs                ; 3 LEs                  ; Yes        ; |DE1_SoC|score:s3|ps[2]                                         ;
; 5:1                ; 3 bits    ; 9 LEs         ; 6 LEs                ; 3 LEs                  ; Yes        ; |DE1_SoC|score:s4|ps[3]                                         ;
; 4:1                ; 2 bits    ; 4 LEs         ; 4 LEs                ; 0 LEs                  ; Yes        ; |DE1_SoC|oneBank:o1|incLight:i|ps[0]                            ;
; 4:1                ; 2 bits    ; 4 LEs         ; 4 LEs                ; 0 LEs                  ; Yes        ; |DE1_SoC|oneBank:o2|incLight:i|ps[2]                            ;
; 4:1                ; 2 bits    ; 4 LEs         ; 4 LEs                ; 0 LEs                  ; Yes        ; |DE1_SoC|oneBank:o3|incLight:i|ps[0]                            ;
; 4:1                ; 2 bits    ; 4 LEs         ; 4 LEs                ; 0 LEs                  ; Yes        ; |DE1_SoC|oneBank:o4|incLight:i|ps[0]                            ;
; 9:1                ; 16 bits   ; 96 LEs        ; 0 LEs                ; 96 LEs                 ; Yes        ; |DE1_SoC|oneBank:o1|incLight:i|tickCounter:t|counter_up_time[0] ;
; 8:1                ; 4 bits    ; 20 LEs        ; 16 LEs               ; 4 LEs                  ; No         ; |DE1_SoC|led_matrix_driver:led|Mux9                             ;
+--------------------+-----------+---------------+----------------------+------------------------+------------+-----------------------------------------------------------------+


+-------------------------------------------------------------------------+
; Parameter Settings for User Entity Instance: Top-level Entity: |DE1_SoC ;
+----------------+-------+------------------------------------------------+
; Parameter Name ; Value ; Type                                           ;
+----------------+-------+------------------------------------------------+
; whichClock     ; 9     ; Signed Integer                                 ;
+----------------+-------+------------------------------------------------+
Note: In order to hide this table in the UI and the text report file, please set the "Show Parameter Settings in Synthesis Report" option in "Analysis and Synthesis Settings -> More Settings" to "Off".


+--------------------------------------------------------------+
; Parameter Settings for User Entity Instance: checkOnPoint:c1 ;
+----------------+-------+-------------------------------------+
; Parameter Name ; Value ; Type                                ;
+----------------+-------+-------------------------------------+
; none           ; 00    ; Unsigned Binary                     ;
; plus1          ; 01    ; Unsigned Binary                     ;
; plus2          ; 10    ; Unsigned Binary                     ;
; minus2         ; 11    ; Unsigned Binary                     ;
+----------------+-------+-------------------------------------+
Note: In order to hide this table in the UI and the text report file, please set the "Show Parameter Settings in Synthesis Report" option in "Analysis and Synthesis Settings -> More Settings" to "Off".


+--------------------------------------------------------------+
; Parameter Settings for User Entity Instance: checkOnPoint:c2 ;
+----------------+-------+-------------------------------------+
; Parameter Name ; Value ; Type                                ;
+----------------+-------+-------------------------------------+
; none           ; 00    ; Unsigned Binary                     ;
; plus1          ; 01    ; Unsigned Binary                     ;
; plus2          ; 10    ; Unsigned Binary                     ;
; minus2         ; 11    ; Unsigned Binary                     ;
+----------------+-------+-------------------------------------+
Note: In order to hide this table in the UI and the text report file, please set the "Show Parameter Settings in Synthesis Report" option in "Analysis and Synthesis Settings -> More Settings" to "Off".


+--------------------------------------------------------------+
; Parameter Settings for User Entity Instance: checkOnPoint:c3 ;
+----------------+-------+-------------------------------------+
; Parameter Name ; Value ; Type                                ;
+----------------+-------+-------------------------------------+
; none           ; 00    ; Unsigned Binary                     ;
; plus1          ; 01    ; Unsigned Binary                     ;
; plus2          ; 10    ; Unsigned Binary                     ;
; minus2         ; 11    ; Unsigned Binary                     ;
+----------------+-------+-------------------------------------+
Note: In order to hide this table in the UI and the text report file, please set the "Show Parameter Settings in Synthesis Report" option in "Analysis and Synthesis Settings -> More Settings" to "Off".


+--------------------------------------------------------------+
; Parameter Settings for User Entity Instance: checkOnPoint:c4 ;
+----------------+-------+-------------------------------------+
; Parameter Name ; Value ; Type                                ;
+----------------+-------+-------------------------------------+
; none           ; 00    ; Unsigned Binary                     ;
; plus1          ; 01    ; Unsigned Binary                     ;
; plus2          ; 10    ; Unsigned Binary                     ;
; minus2         ; 11    ; Unsigned Binary                     ;
+----------------+-------+-------------------------------------+
Note: In order to hide this table in the UI and the text report file, please set the "Show Parameter Settings in Synthesis Report" option in "Analysis and Synthesis Settings -> More Settings" to "Off".


+------------------------------------------+
; Port Connectivity Checks: "add5bits:aa3" ;
+------+-------+----------+----------------+
; Port ; Type  ; Severity ; Details        ;
+------+-------+----------+----------------+
; E    ; Input ; Info     ; Stuck at GND   ;
+------+-------+----------+----------------+


+------------------------------------------+
; Port Connectivity Checks: "add5bits:aa2" ;
+------+-------+----------+----------------+
; Port ; Type  ; Severity ; Details        ;
+------+-------+----------+----------------+
; E    ; Input ; Info     ; Stuck at GND   ;
+------+-------+----------+----------------+


+------------------------------------------+
; Port Connectivity Checks: "add5bits:aa1" ;
+------+-------+----------+----------------+
; Port ; Type  ; Severity ; Details        ;
+------+-------+----------+----------------+
; E    ; Input ; Info     ; Stuck at GND   ;
+------+-------+----------+----------------+


+--------------------------------------------------+
; Port Connectivity Checks: "score:s1|add5bits:a3" ;
+---------+-------+----------+---------------------+
; Port    ; Type  ; Severity ; Details             ;
+---------+-------+----------+---------------------+
; B[4..2] ; Input ; Info     ; Stuck at GND        ;
; B[1]    ; Input ; Info     ; Stuck at VCC        ;
; B[0]    ; Input ; Info     ; Stuck at GND        ;
; E       ; Input ; Info     ; Stuck at VCC        ;
+---------+-------+----------+---------------------+


+--------------------------------------------------+
; Port Connectivity Checks: "score:s1|add5bits:a2" ;
+---------+-------+----------+---------------------+
; Port    ; Type  ; Severity ; Details             ;
+---------+-------+----------+---------------------+
; B[4..1] ; Input ; Info     ; Stuck at GND        ;
; B[0]    ; Input ; Info     ; Stuck at VCC        ;
; E       ; Input ; Info     ; Stuck at GND        ;
+---------+-------+----------+---------------------+


+----------------------------------------------------------------------------------------------------------------+
; Port Connectivity Checks: "score:s1|add5bits:a1|adder:a5"                                                      ;
+------+--------+----------+-------------------------------------------------------------------------------------+
; Port ; Type   ; Severity ; Details                                                                             ;
+------+--------+----------+-------------------------------------------------------------------------------------+
; CO   ; Output ; Info     ; Connected to dangling logic. Logic that only feeds a dangling port will be removed. ;
+------+--------+----------+-------------------------------------------------------------------------------------+


+--------------------------------------------------+
; Port Connectivity Checks: "score:s1|add5bits:a1" ;
+---------+-------+----------+---------------------+
; Port    ; Type  ; Severity ; Details             ;
+---------+-------+----------+---------------------+
; B[4..2] ; Input ; Info     ; Stuck at GND        ;
; B[1]    ; Input ; Info     ; Stuck at VCC        ;
; B[0]    ; Input ; Info     ; Stuck at GND        ;
; E       ; Input ; Info     ; Stuck at GND        ;
+---------+-------+----------+---------------------+


+--------------------------------------------------------------------------------------------------------------------------------------------------------------------------+
; Port Connectivity Checks: "oneBank:o4"                                                                                                                                   ;
+-------+-------+----------+-----------------------------------------------------------------------------------------------------------------------------------------------+
; Port  ; Type  ; Severity ; Details                                                                                                                                       ;
+-------+-------+----------+-----------------------------------------------------------------------------------------------------------------------------------------------+
; speed ; Input ; Warning  ; Input port expression (2 bits) is smaller than the input port (3 bits) it drives.  Extra input bit(s) "speed[2..2]" will be connected to GND. ;
+-------+-------+----------+-----------------------------------------------------------------------------------------------------------------------------------------------+


+--------------------------------------------------------------------------------------------------------------------------------------------------------------------------+
; Port Connectivity Checks: "oneBank:o3"                                                                                                                                   ;
+-------+-------+----------+-----------------------------------------------------------------------------------------------------------------------------------------------+
; Port  ; Type  ; Severity ; Details                                                                                                                                       ;
+-------+-------+----------+-----------------------------------------------------------------------------------------------------------------------------------------------+
; speed ; Input ; Warning  ; Input port expression (2 bits) is smaller than the input port (3 bits) it drives.  Extra input bit(s) "speed[2..2]" will be connected to GND. ;
+-------+-------+----------+-----------------------------------------------------------------------------------------------------------------------------------------------+


+--------------------------------------------------------------------------------------------------------------------------------------------------------------------------+
; Port Connectivity Checks: "oneBank:o2"                                                                                                                                   ;
+-------+-------+----------+-----------------------------------------------------------------------------------------------------------------------------------------------+
; Port  ; Type  ; Severity ; Details                                                                                                                                       ;
+-------+-------+----------+-----------------------------------------------------------------------------------------------------------------------------------------------+
; speed ; Input ; Warning  ; Input port expression (2 bits) is smaller than the input port (3 bits) it drives.  Extra input bit(s) "speed[2..2]" will be connected to GND. ;
+-------+-------+----------+-----------------------------------------------------------------------------------------------------------------------------------------------+


+-------------------------------------------------------------------------------------------------------------------------------------------------------------------------------------------------------------+
; Port Connectivity Checks: "oneBank:o1|incLight:i"                                                                                                                                                           ;
+-------+-------+----------+----------------------------------------------------------------------------------------------------------------------------------------------------------------------------------+
; Port  ; Type  ; Severity ; Details                                                                                                                                                                          ;
+-------+-------+----------+----------------------------------------------------------------------------------------------------------------------------------------------------------------------------------+
; speed ; Input ; Warning  ; Input port expression (3 bits) is wider than the input port (2 bits) it drives.  The 1 most-significant bit(s) in the expression will be dangling if they have no other fanouts. ;
+-------+-------+----------+----------------------------------------------------------------------------------------------------------------------------------------------------------------------------------+


+--------------------------------------------------------------------------------------------------------------------------------------------------------------------------+
; Port Connectivity Checks: "oneBank:o1"                                                                                                                                   ;
+-------+-------+----------+-----------------------------------------------------------------------------------------------------------------------------------------------+
; Port  ; Type  ; Severity ; Details                                                                                                                                       ;
+-------+-------+----------+-----------------------------------------------------------------------------------------------------------------------------------------------+
; speed ; Input ; Warning  ; Input port expression (2 bits) is smaller than the input port (3 bits) it drives.  Extra input bit(s) "speed[2..2]" will be connected to GND. ;
+-------+-------+----------+-----------------------------------------------------------------------------------------------------------------------------------------------+


+-------------------------------------------------------------------------------------------------------------------------------------------------------------------------+
; Port Connectivity Checks: "cyber:cy4"                                                                                                                                   ;
+-------+-------+----------+----------------------------------------------------------------------------------------------------------------------------------------------+
; Port  ; Type  ; Severity ; Details                                                                                                                                      ;
+-------+-------+----------+----------------------------------------------------------------------------------------------------------------------------------------------+
; Reset ; Input ; Warning  ; Declared by entity but not connected by instance. If a default value exists, it will be used.  Otherwise, the port will be connected to GND. ;
+-------+-------+----------+----------------------------------------------------------------------------------------------------------------------------------------------+


+-------------------------------------------------------------------------------------------------------------------------------------------------------------------------+
; Port Connectivity Checks: "cyber:cy3"                                                                                                                                   ;
+-------+-------+----------+----------------------------------------------------------------------------------------------------------------------------------------------+
; Port  ; Type  ; Severity ; Details                                                                                                                                      ;
+-------+-------+----------+----------------------------------------------------------------------------------------------------------------------------------------------+
; Reset ; Input ; Warning  ; Declared by entity but not connected by instance. If a default value exists, it will be used.  Otherwise, the port will be connected to GND. ;
+-------+-------+----------+----------------------------------------------------------------------------------------------------------------------------------------------+


+-------------------------------------------------------------------------------------------------------------------------------------------------------------------------+
; Port Connectivity Checks: "cyber:cy2"                                                                                                                                   ;
+-------+-------+----------+----------------------------------------------------------------------------------------------------------------------------------------------+
; Port  ; Type  ; Severity ; Details                                                                                                                                      ;
+-------+-------+----------+----------------------------------------------------------------------------------------------------------------------------------------------+
; Reset ; Input ; Warning  ; Declared by entity but not connected by instance. If a default value exists, it will be used.  Otherwise, the port will be connected to GND. ;
+-------+-------+----------+----------------------------------------------------------------------------------------------------------------------------------------------+


+-------------------------------------------------------------------------------------------------------------------------------------------------------------------------+
; Port Connectivity Checks: "cyber:cy1"                                                                                                                                   ;
+-------+-------+----------+----------------------------------------------------------------------------------------------------------------------------------------------+
; Port  ; Type  ; Severity ; Details                                                                                                                                      ;
+-------+-------+----------+----------------------------------------------------------------------------------------------------------------------------------------------+
; stop  ; Input ; Info     ; Stuck at GND                                                                                                                                 ;
; Reset ; Input ; Warning  ; Declared by entity but not connected by instance. If a default value exists, it will be used.  Otherwise, the port will be connected to GND. ;
+-------+-------+----------+----------------------------------------------------------------------------------------------------------------------------------------------+


+-------------------------------------------------------------------------------------------------------------------+
; Port Connectivity Checks: "LFSR:r"                                                                                ;
+---------+--------+----------+-------------------------------------------------------------------------------------+
; Port    ; Type   ; Severity ; Details                                                                             ;
+---------+--------+----------+-------------------------------------------------------------------------------------+
; q[4..3] ; Output ; Info     ; Connected to dangling logic. Logic that only feeds a dangling port will be removed. ;
; q[8]    ; Output ; Info     ; Connected to dangling logic. Logic that only feeds a dangling port will be removed. ;
; q[6]    ; Output ; Info     ; Connected to dangling logic. Logic that only feeds a dangling port will be removed. ;
; q[1]    ; Output ; Info     ; Connected to dangling logic. Logic that only feeds a dangling port will be removed. ;
+---------+--------+----------+-------------------------------------------------------------------------------------+


+-----------------------------------------------------+
; Port Connectivity Checks: "led_matrix_driver:led"   ;
+-------------------+-------+----------+--------------+
; Port              ; Type  ; Severity ; Details      ;
+-------------------+-------+----------+--------------+
; red_array         ; Input ; Info     ; Stuck at GND ;
; green_array[7..5] ; Input ; Info     ; Stuck at GND ;
; green_array[4][7] ; Input ; Info     ; Stuck at GND ;
; green_array[4][5] ; Input ; Info     ; Stuck at GND ;
; green_array[4][3] ; Input ; Info     ; Stuck at GND ;
; green_array[4][1] ; Input ; Info     ; Stuck at GND ;
; green_array[3][7] ; Input ; Info     ; Stuck at GND ;
; green_array[3][5] ; Input ; Info     ; Stuck at GND ;
; green_array[3][3] ; Input ; Info     ; Stuck at GND ;
; green_array[3][1] ; Input ; Info     ; Stuck at GND ;
; green_array[2][7] ; Input ; Info     ; Stuck at GND ;
; green_array[2][5] ; Input ; Info     ; Stuck at GND ;
; green_array[2][3] ; Input ; Info     ; Stuck at GND ;
; green_array[2][1] ; Input ; Info     ; Stuck at GND ;
; green_array[1][7] ; Input ; Info     ; Stuck at GND ;
; green_array[1][5] ; Input ; Info     ; Stuck at GND ;
; green_array[1][3] ; Input ; Info     ; Stuck at GND ;
; green_array[1][1] ; Input ; Info     ; Stuck at GND ;
; green_array[0][7] ; Input ; Info     ; Stuck at GND ;
; green_array[0][5] ; Input ; Info     ; Stuck at GND ;
; green_array[0][3] ; Input ; Info     ; Stuck at GND ;
; green_array[0][1] ; Input ; Info     ; Stuck at GND ;
+-------------------+-------+----------+--------------+


+----------------------------------------------------------------------------------------------------------------------------------+
; Port Connectivity Checks: "clock_divider:cdiv"                                                                                   ;
+------------------------+--------+----------+-------------------------------------------------------------------------------------+
; Port                   ; Type   ; Severity ; Details                                                                             ;
+------------------------+--------+----------+-------------------------------------------------------------------------------------+
; divided_clocks[31..10] ; Output ; Info     ; Connected to dangling logic. Logic that only feeds a dangling port will be removed. ;
; divided_clocks[8..0]   ; Output ; Info     ; Connected to dangling logic. Logic that only feeds a dangling port will be removed. ;
+------------------------+--------+----------+-------------------------------------------------------------------------------------+


+-----------------------------------------------------+
; Post-Synthesis Netlist Statistics for Top Partition ;
+-----------------------+-----------------------------+
; Type                  ; Count                       ;
+-----------------------+-----------------------------+
; arriav_ff             ; 91                          ;
;     ENA               ; 8                           ;
;     SCLR              ; 25                          ;
;     plain             ; 58                          ;
; arriav_lcell_comb     ; 233                         ;
;     arith             ; 25                          ;
;         1 data inputs ; 24                          ;
;         2 data inputs ; 1                           ;
;     extend            ; 4                           ;
;         7 data inputs ; 4                           ;
;     normal            ; 204                         ;
;         0 data inputs ; 1                           ;
;         1 data inputs ; 15                          ;
;         2 data inputs ; 20                          ;
;         3 data inputs ; 29                          ;
;         4 data inputs ; 51                          ;
;         5 data inputs ; 33                          ;
;         6 data inputs ; 55                          ;
; boundary_port         ; 103                         ;
;                       ;                             ;
; Max LUT depth         ; 5.00                        ;
; Average LUT depth     ; 3.06                        ;
+-----------------------+-----------------------------+


+-------------------------------+
; Elapsed Time Per Partition    ;
+----------------+--------------+
; Partition Name ; Elapsed Time ;
+----------------+--------------+
; Top            ; 00:00:01     ;
+----------------+--------------+


+-------------------------------+
; Analysis & Synthesis Messages ;
+-------------------------------+
Info: *******************************************************************
Info: Running Quartus II 64-Bit Analysis & Synthesis
    Info: Version 14.0.0 Build 200 06/17/2014 SJ Web Edition
    Info: Processing started: Fri Jun 03 08:23:55 2016
Info: Command: quartus_map --read_settings_files=on --write_settings_files=off DE1_SoC -c DE1_SoC
Info (11104): Parallel Compilation has detected 4 hyper-threaded processors. However, the extra hyper-threaded processors will not be used by default. Parallel Compilation will use 2 of the 2 physical processors detected instead.
Info (12021): Found 2 design units, including 2 entities, in source file cyber.sv
    Info (12023): Found entity 1: cyber
    Info (12023): Found entity 2: cyber_testbench
Info (12021): Found 1 design units, including 1 entities, in source file seg7.sv
    Info (12023): Found entity 1: seg7
Info (12021): Found 2 design units, including 2 entities, in source file de1_soc.sv
    Info (12023): Found entity 1: DE1_SoC
    Info (12023): Found entity 2: clock_divider
Info (12021): Found 2 design units, including 2 entities, in source file press.sv
    Info (12023): Found entity 1: press
    Info (12023): Found entity 2: press_testbench
Info (12021): Found 3 design units, including 3 entities, in source file lfsr.sv
    Info (12023): Found entity 1: LFSR
    Info (12023): Found entity 2: flipFlop
    Info (12023): Found entity 3: LFSR_testbench
Info (12021): Found 2 design units, including 2 entities, in source file adder.sv
    Info (12023): Found entity 1: adder
    Info (12023): Found entity 2: adder_testbench
Info (12021): Found 1 design units, including 1 entities, in source file decoder.sv
    Info (12023): Found entity 1: decoder
Info (12021): Found 2 design units, including 2 entities, in source file inclight.sv
    Info (12023): Found entity 1: incLight
    Info (12023): Found entity 2: incLight_testbench
Info (12021): Found 2 design units, including 2 entities, in source file score.sv
    Info (12023): Found entity 1: score
    Info (12023): Found entity 2: score_testbench
Info (12021): Found 2 design units, including 2 entities, in source file dancingthumbs.sv
    Info (12023): Found entity 1: dancingThumbs
    Info (12023): Found entity 2: dancingThumbs_testbench
Info (12021): Found 2 design units, including 2 entities, in source file onebank.sv
    Info (12023): Found entity 1: oneBank
    Info (12023): Found entity 2: oneBank_testbench
Info (12021): Found 1 design units, including 1 entities, in source file tickcounter.sv
    Info (12023): Found entity 1: tickCounter
Info (12021): Found 1 design units, including 1 entities, in source file checkonpoint.sv
    Info (12023): Found entity 1: checkOnPoint
Info (12021): Found 1 design units, including 1 entities, in source file add5bits.sv
    Info (12023): Found entity 1: add5bits
Info (12021): Found 1 design units, including 1 entities, in source file led_matrix_driver.sv
    Info (12023): Found entity 1: led_matrix_driver
Warning (10236): Verilog HDL Implicit Net warning at cyber.sv(25): created implicit net for "pull"
Warning (10236): Verilog HDL Implicit Net warning at score.sv(35): created implicit net for "stop"
Warning (10236): Verilog HDL Implicit Net warning at dancingThumbs.sv(51): created implicit net for "terminate"
Warning (10236): Verilog HDL Implicit Net warning at dancingThumbs.sv(90): created implicit net for "HEX8"
Warning (10236): Verilog HDL Implicit Net warning at dancingThumbs.sv(90): created implicit net for "HEX9"
Warning (10236): Verilog HDL Implicit Net warning at oneBank.sv(22): created implicit net for "speed"
Info (12127): Elaborating entity "DE1_SoC" for the top level hierarchy
Warning (10030): Net "green_array[4][7]" at DE1_SoC.sv(27) has no driver or initial value, using a default initial value '0'
Warning (10030): Net "green_array[4][5]" at DE1_SoC.sv(27) has no driver or initial value, using a default initial value '0'
Warning (10030): Net "green_array[4][3]" at DE1_SoC.sv(27) has no driver or initial value, using a default initial value '0'
Warning (10030): Net "green_array[4][1]" at DE1_SoC.sv(27) has no driver or initial value, using a default initial value '0'
Warning (10030): Net "green_array[7..5]" at DE1_SoC.sv(27) has no driver or initial value, using a default initial value '0'
Warning (10030): Net "green_array[3][7]" at DE1_SoC.sv(27) has no driver or initial value, using a default initial value '0'
Warning (10030): Net "green_array[3][5]" at DE1_SoC.sv(27) has no driver or initial value, using a default initial value '0'
Warning (10030): Net "green_array[3][3]" at DE1_SoC.sv(27) has no driver or initial value, using a default initial value '0'
Warning (10030): Net "green_array[3][1]" at DE1_SoC.sv(27) has no driver or initial value, using a default initial value '0'
Warning (10030): Net "green_array[2][7]" at DE1_SoC.sv(27) has no driver or initial value, using a default initial value '0'
Warning (10030): Net "green_array[2][5]" at DE1_SoC.sv(27) has no driver or initial value, using a default initial value '0'
Warning (10030): Net "green_array[2][3]" at DE1_SoC.sv(27) has no driver or initial value, using a default initial value '0'
Warning (10030): Net "green_array[2][1]" at DE1_SoC.sv(27) has no driver or initial value, using a default initial value '0'
Warning (10030): Net "green_array[1][7]" at DE1_SoC.sv(27) has no driver or initial value, using a default initial value '0'
Warning (10030): Net "green_array[1][5]" at DE1_SoC.sv(27) has no driver or initial value, using a default initial value '0'
Warning (10030): Net "green_array[1][3]" at DE1_SoC.sv(27) has no driver or initial value, using a default initial value '0'
Warning (10030): Net "green_array[1][1]" at DE1_SoC.sv(27) has no driver or initial value, using a default initial value '0'
Warning (10030): Net "green_array[0][7]" at DE1_SoC.sv(27) has no driver or initial value, using a default initial value '0'
Warning (10030): Net "green_array[0][5]" at DE1_SoC.sv(27) has no driver or initial value, using a default initial value '0'
Warning (10030): Net "green_array[0][3]" at DE1_SoC.sv(27) has no driver or initial value, using a default initial value '0'
Warning (10030): Net "green_array[0][1]" at DE1_SoC.sv(27) has no driver or initial value, using a default initial value '0'
Warning (10030): Net "red_array" at DE1_SoC.sv(27) has no driver or initial value, using a default initial value '0'
Warning (10034): Output port "HEX2" at DE1_SoC.sv(6) has no driver
Warning (10034): Output port "HEX3" at DE1_SoC.sv(6) has no driver
Warning (10034): Output port "HEX4" at DE1_SoC.sv(6) has no driver
Warning (10034): Output port "HEX5" at DE1_SoC.sv(6) has no driver
Warning (10034): Output port "GPIO_0[11..0]" at DE1_SoC.sv(8) has no driver
Info (12128): Elaborating entity "clock_divider" for hierarchy "clock_divider:cdiv"
Info (12128): Elaborating entity "led_matrix_driver" for hierarchy "led_matrix_driver:led"
Info (12128): Elaborating entity "LFSR" for hierarchy "LFSR:r"
Info (12128): Elaborating entity "flipFlop" for hierarchy "LFSR:r|flipFlop:ff1"
Info (12128): Elaborating entity "cyber" for hierarchy "cyber:cy1"
Info (12128): Elaborating entity "press" for hierarchy "press:p1"
Info (12128): Elaborating entity "oneBank" for hierarchy "oneBank:o1"
Critical Warning (10169): Verilog HDL warning at oneBank.sv(3): the port and data declarations for array port "speed" do not specify the same range for each dimension
Warning (10359): HDL warning at oneBank.sv(6): see declaration for object "speed"
Info (12128): Elaborating entity "decoder" for hierarchy "oneBank:o1|decoder:d"
Warning (10230): Verilog HDL assignment warning at decoder.sv(7): truncated value with size 8 to match size of target (5)
Info (12128): Elaborating entity "incLight" for hierarchy "oneBank:o1|incLight:i"
Warning (10230): Verilog HDL assignment warning at incLight.sv(17): truncated value with size 32 to match size of target (3)
Info (12128): Elaborating entity "tickCounter" for hierarchy "oneBank:o1|incLight:i|tickCounter:t"
Warning (10230): Verilog HDL assignment warning at tickCounter.sv(16): truncated value with size 32 to match size of target (16)
Warning (10230): Verilog HDL assignment warning at tickCounter.sv(26): truncated value with size 32 to match size of target (16)
Warning (10230): Verilog HDL assignment warning at tickCounter.sv(36): truncated value with size 32 to match size of target (16)
Warning (10230): Verilog HDL assignment warning at tickCounter.sv(46): truncated value with size 32 to match size of target (16)
Info (12128): Elaborating entity "checkOnPoint" for hierarchy "checkOnPoint:c1"
Info (12128): Elaborating entity "score" for hierarchy "score:s1"
Info (12128): Elaborating entity "add5bits" for hierarchy "score:s1|add5bits:a1"
Info (12128): Elaborating entity "adder" for hierarchy "score:s1|add5bits:a1|adder:a1"
Info (12128): Elaborating entity "seg7" for hierarchy "seg7:display1"
Warning (12020): Port "ordered port 3" on the entity instantiation of "i" is connected to a signal of width 3. The formal width of the signal in the module is 2.  The extra bits will be ignored.
Warning (12020): Port "ordered port 3" on the entity instantiation of "i" is connected to a signal of width 3. The formal width of the signal in the module is 2.  The extra bits will be ignored.
Warning (12020): Port "ordered port 3" on the entity instantiation of "i" is connected to a signal of width 3. The formal width of the signal in the module is 2.  The extra bits will be ignored.
Warning (12241): 9 hierarchies have connectivity warnings - see the Connectivity Checks report folder
Warning (13024): Output pins are stuck at VCC or GND
    Warning (13410): Pin "HEX2[0]" is stuck at GND
    Warning (13410): Pin "HEX2[1]" is stuck at GND
    Warning (13410): Pin "HEX2[2]" is stuck at GND
    Warning (13410): Pin "HEX2[3]" is stuck at GND
    Warning (13410): Pin "HEX2[4]" is stuck at GND
    Warning (13410): Pin "HEX2[5]" is stuck at GND
    Warning (13410): Pin "HEX2[6]" is stuck at GND
    Warning (13410): Pin "HEX3[0]" is stuck at GND
    Warning (13410): Pin "HEX3[1]" is stuck at GND
    Warning (13410): Pin "HEX3[2]" is stuck at GND
    Warning (13410): Pin "HEX3[3]" is stuck at GND
    Warning (13410): Pin "HEX3[4]" is stuck at GND
    Warning (13410): Pin "HEX3[5]" is stuck at GND
    Warning (13410): Pin "HEX3[6]" is stuck at GND
    Warning (13410): Pin "HEX4[0]" is stuck at GND
    Warning (13410): Pin "HEX4[1]" is stuck at GND
    Warning (13410): Pin "HEX4[2]" is stuck at GND
    Warning (13410): Pin "HEX4[3]" is stuck at GND
    Warning (13410): Pin "HEX4[4]" is stuck at GND
    Warning (13410): Pin "HEX4[5]" is stuck at GND
    Warning (13410): Pin "HEX4[6]" is stuck at GND
    Warning (13410): Pin "HEX5[0]" is stuck at GND
    Warning (13410): Pin "HEX5[1]" is stuck at GND
    Warning (13410): Pin "HEX5[2]" is stuck at GND
    Warning (13410): Pin "HEX5[3]" is stuck at GND
    Warning (13410): Pin "HEX5[4]" is stuck at GND
    Warning (13410): Pin "HEX5[5]" is stuck at GND
    Warning (13410): Pin "HEX5[6]" is stuck at GND
    Warning (13410): Pin "GPIO_0[0]" is stuck at GND
    Warning (13410): Pin "GPIO_0[1]" is stuck at GND
    Warning (13410): Pin "GPIO_0[2]" is stuck at GND
    Warning (13410): Pin "GPIO_0[3]" is stuck at GND
    Warning (13410): Pin "GPIO_0[4]" is stuck at GND
    Warning (13410): Pin "GPIO_0[5]" is stuck at GND
    Warning (13410): Pin "GPIO_0[6]" is stuck at GND
    Warning (13410): Pin "GPIO_0[7]" is stuck at GND
    Warning (13410): Pin "GPIO_0[8]" is stuck at GND
    Warning (13410): Pin "GPIO_0[9]" is stuck at GND
    Warning (13410): Pin "GPIO_0[10]" is stuck at GND
    Warning (13410): Pin "GPIO_0[11]" is stuck at GND
    Warning (13410): Pin "GPIO_0[20]" is stuck at GND
    Warning (13410): Pin "GPIO_0[21]" is stuck at GND
    Warning (13410): Pin "GPIO_0[22]" is stuck at GND
    Warning (13410): Pin "GPIO_0[23]" is stuck at GND
    Warning (13410): Pin "GPIO_0[24]" is stuck at GND
    Warning (13410): Pin "GPIO_0[25]" is stuck at GND
    Warning (13410): Pin "GPIO_0[26]" is stuck at GND
    Warning (13410): Pin "GPIO_0[27]" is stuck at GND
    Warning (13410): Pin "GPIO_0[29]" is stuck at GND
    Warning (13410): Pin "GPIO_0[31]" is stuck at GND
    Warning (13410): Pin "GPIO_0[33]" is stuck at GND
    Warning (13410): Pin "GPIO_0[35]" is stuck at GND
Info (286030): Timing-Driven Synthesis is running
Info (17049): 22 registers lost all their fanouts during netlist optimizations.
Info (144001): Generated suppressed messages file C:/Users/HaiDang/Downloads/Cse369/Lab/output_files/DE1_SoC.map.smsg
Info (16010): Generating hard_block partition "hard_block:auto_generated_inst"
    Info (16011): Adding 0 node(s), including 0 DDIO, 0 PLL, 0 transceiver and 0 LCELL
Warning (21074): Design contains 6 input pin(s) that do not drive logic
    Warning (15610): No output dependent on input pin "SW[3]"
    Warning (15610): No output dependent on input pin "SW[4]"
    Warning (15610): No output dependent on input pin "SW[5]"
    Warning (15610): No output dependent on input pin "SW[6]"
    Warning (15610): No output dependent on input pin "SW[7]"
    Warning (15610): No output dependent on input pin "SW[8]"
Info (21057): Implemented 336 device resources after synthesis - the final resource count might be different
    Info (21058): Implemented 15 input pins
    Info (21059): Implemented 88 output pins
    Info (21061): Implemented 233 logic cells
Info: Quartus II 64-Bit Analysis & Synthesis was successful. 0 errors, 105 warnings
    Info: Peak virtual memory: 608 megabytes
    Info: Processing ended: Fri Jun 03 08:23:58 2016
    Info: Elapsed time: 00:00:03
    Info: Total CPU time (on all processors): 00:00:03


+------------------------------------------+
; Analysis & Synthesis Suppressed Messages ;
+------------------------------------------+
The suppressed messages can be found in C:/Users/HaiDang/Downloads/Cse369/Lab/output_files/DE1_SoC.map.smsg.


